<?xml version="1.0" encoding="UTF-8"?>
<testsuite name="com.kodea.tdd.calc.CalcTest" tests="6" skipped="0" failures="0" errors="0" timestamp="2016-08-03T17:15:47" hostname="OMTarro" time="0.013">
  <properties/>
  <testcase name="checkDiviTwoIntegers" classname="com.kodea.tdd.calc.CalcTest" time="0.003"/>
  <testcase name="checkInstance" classname="com.kodea.tdd.calc.CalcTest" time="0.0"/>
  <testcase name="checkDivideByZero" classname="com.kodea.tdd.calc.CalcTest" time="0.0"/>
  <testcase name="checkSubTwoIntegers" classname="com.kodea.tdd.calc.CalcTest" time="0.0"/>
  <testcase name="checkMulTwoIntegers" classname="com.kodea.tdd.calc.CalcTest" time="0.0"/>
  <testcase name="checkAddTwoIntegers" classname="com.kodea.tdd.calc.CalcTest" time="0.0"/>
  <system-out><![CDATA[]]></system-out>
  <system-err><![CDATA[]]></system-err>
</testsuite>
